Determining if the pthread_create exist failed with the following output:
Change Dir: /home/max/catkin_ws/build/CMakeFiles/CMakeTmp

Run Build Command:"/usr/bin/make" "cmTC_8f922/fast"
/usr/bin/make -f CMakeFiles/cmTC_8f922.dir/build.make CMakeFiles/cmTC_8f922.dir/build
make[1]: Entering directory '/home/max/catkin_ws/build/CMakeFiles/CMakeTmp'
Building C object CMakeFiles/cmTC_8f922.dir/CheckSymbolExists.c.o
/usr/bin/cc    -o CMakeFiles/cmTC_8f922.dir/CheckSymbolExists.c.o   -c /home/max/catkin_ws/build/CMakeFiles/CMakeTmp/CheckSymbolExists.c
Linking C executable cmTC_8f922
/home/max/Downloads/cmake-3.8.2-Linux-x86_64/bin/cmake -E cmake_link_script CMakeFiles/cmTC_8f922.dir/link.txt --verbose=1
/usr/bin/cc      -rdynamic CMakeFiles/cmTC_8f922.dir/CheckSymbolExists.c.o  -o cmTC_8f922 
CMakeFiles/cmTC_8f922.dir/CheckSymbolExists.c.o: In function `main':
CheckSymbolExists.c:(.text+0x16): undefined reference to `pthread_create'
collect2: error: ld returned 1 exit status
CMakeFiles/cmTC_8f922.dir/build.make:97: recipe for target 'cmTC_8f922' failed
make[1]: *** [cmTC_8f922] Error 1
make[1]: Leaving directory '/home/max/catkin_ws/build/CMakeFiles/CMakeTmp'
Makefile:126: recipe for target 'cmTC_8f922/fast' failed
make: *** [cmTC_8f922/fast] Error 2

File /home/max/catkin_ws/build/CMakeFiles/CMakeTmp/CheckSymbolExists.c:
/* */
#include <pthread.h>

int main(int argc, char** argv)
{
  (void)argv;
#ifndef pthread_create
  return ((int*)(&pthread_create))[argc];
#else
  (void)argc;
  return 0;
#endif
}

Determining if the function pthread_create exists in the pthreads failed with the following output:
Change Dir: /home/max/catkin_ws/build/CMakeFiles/CMakeTmp

Run Build Command:"/usr/bin/make" "cmTC_f1bb2/fast"
/usr/bin/make -f CMakeFiles/cmTC_f1bb2.dir/build.make CMakeFiles/cmTC_f1bb2.dir/build
make[1]: Entering directory '/home/max/catkin_ws/build/CMakeFiles/CMakeTmp'
Building C object CMakeFiles/cmTC_f1bb2.dir/CheckFunctionExists.c.o
/usr/bin/cc   -DCHECK_FUNCTION_EXISTS=pthread_create   -o CMakeFiles/cmTC_f1bb2.dir/CheckFunctionExists.c.o   -c /home/max/Downloads/cmake-3.8.2-Linux-x86_64/share/cmake-3.8/Modules/CheckFunctionExists.c
Linking C executable cmTC_f1bb2
/home/max/Downloads/cmake-3.8.2-Linux-x86_64/bin/cmake -E cmake_link_script CMakeFiles/cmTC_f1bb2.dir/link.txt --verbose=1
/usr/bin/cc  -DCHECK_FUNCTION_EXISTS=pthread_create    -rdynamic CMakeFiles/cmTC_f1bb2.dir/CheckFunctionExists.c.o  -o cmTC_f1bb2 -lpthreads 
/usr/bin/ld: cannot find -lpthreads
collect2: error: ld returned 1 exit status
CMakeFiles/cmTC_f1bb2.dir/build.make:97: recipe for target 'cmTC_f1bb2' failed
make[1]: *** [cmTC_f1bb2] Error 1
make[1]: Leaving directory '/home/max/catkin_ws/build/CMakeFiles/CMakeTmp'
Makefile:126: recipe for target 'cmTC_f1bb2/fast' failed
make: *** [cmTC_f1bb2/fast] Error 2


